2017-06-03 20:41:31,122 DEBUG c.o.m.d.DiskInfoController [http-nio-8080-exec-2] getDiskInfo diskName = /media/Video 
2017-06-03 20:41:31,122 DEBUG c.o.m.d.DiskInfoController [http-nio-8080-exec-2] getDiskInfo mount_point = asd 
2017-06-03 20:42:12,232 DEBUG c.o.m.d.DiskInfoController [http-nio-8080-exec-7] getDiskInfo diskName = /media/Video 
2017-06-03 20:42:12,234 DEBUG c.o.m.d.DiskInfoController [http-nio-8080-exec-7] getDiskInfo mount_point = sdf 
2017-06-03 20:42:19,667 DEBUG c.o.m.d.DiskInfoController [http-nio-8080-exec-8] getDiskInfo diskName = /media/Video 
2017-06-03 20:42:19,668 DEBUG c.o.m.d.DiskInfoController [http-nio-8080-exec-8] getDiskInfo mount_point = &asd=asd 
2017-06-03 20:42:21,234 DEBUG c.o.m.d.DiskInfoController [http-nio-8080-exec-9] getDiskInfo diskName = /media/Video 
2017-06-03 20:42:21,235 DEBUG c.o.m.d.DiskInfoController [http-nio-8080-exec-9] getDiskInfo mount_point = &asd=asd 
2017-06-03 20:42:21,756 DEBUG c.o.m.d.DiskInfoController [http-nio-8080-exec-10] getDiskInfo diskName = /media/Video 
2017-06-03 20:42:21,756 DEBUG c.o.m.d.DiskInfoController [http-nio-8080-exec-10] getDiskInfo mount_point = &asd=asd 
2017-06-03 20:43:04,037 DEBUG c.o.m.d.DiskInfoController [http-nio-8080-exec-10] getDiskInfo diskName = /media/Video 
2017-06-03 20:43:04,037 DEBUG c.o.m.d.DiskInfoController [http-nio-8080-exec-10] getDiskInfo mount_point = &as=asd 
2017-06-03 20:43:14,517 DEBUG c.o.m.d.DiskInfoController [http-nio-8080-exec-1] getDiskInfo diskName = /media/Video 
2017-06-03 20:43:14,518 DEBUG c.o.m.d.DiskInfoController [http-nio-8080-exec-1] getDiskInfo mount_point = &disk_name=asd 
2017-06-03 20:43:27,781 DEBUG c.o.m.d.DiskInfoController [http-nio-8080-exec-5] getDiskInfo diskName = /media/Video 
2017-06-03 20:43:27,782 DEBUG c.o.m.d.DiskInfoController [http-nio-8080-exec-5] getDiskInfo mount_point = &disk_name=d2Fsad 
2017-06-03 20:43:32,216 DEBUG c.o.m.d.DiskInfoController [http-nio-8080-exec-6] getDiskInfo diskName = /media/Video 
2017-06-03 20:43:32,217 DEBUG c.o.m.d.DiskInfoController [http-nio-8080-exec-6] getDiskInfo mount_point = &disk_name="" 
2017-06-03 20:43:42,093 DEBUG c.o.m.d.DiskInfoController [http-nio-8080-exec-10] getDiskInfo diskName = /media/Video 
2017-06-03 20:43:42,094 DEBUG c.o.m.d.DiskInfoController [http-nio-8080-exec-10] getDiskInfo mount_point = &disk_name="_" 
2017-06-03 20:44:08,289 DEBUG c.o.m.d.DiskInfoController [http-nio-8080-exec-6] getDiskInfo diskName = /media/Video 
2017-06-03 20:44:08,290 DEBUG c.o.m.d.DiskInfoController [http-nio-8080-exec-6] getDiskInfo mount_point = &disk_name='' 
2017-06-03 20:44:22,349 DEBUG c.o.m.d.DiskInfoController [http-nio-8080-exec-8] getDiskInfo diskName = /media/Video 
2017-06-03 20:44:22,350 DEBUG c.o.m.d.DiskInfoController [http-nio-8080-exec-8] getDiskInfo mount_point = &disk_name='' 
2017-06-03 20:44:33,743 DEBUG c.o.m.d.DiskInfoController [http-nio-8080-exec-9] getDiskInfo diskName = /media/Video 
2017-06-03 20:44:33,744 DEBUG c.o.m.d.DiskInfoController [http-nio-8080-exec-9] getDiskInfo mount_point = &disk_name='' 
2017-06-03 20:45:27,871 DEBUG c.o.m.d.DiskInfoController [http-nio-8080-exec-5] getDiskInfo diskName = /media/Video 
2017-06-03 20:45:27,872 DEBUG c.o.m.d.DiskInfoController [http-nio-8080-exec-5] getDiskInfo mount_point = &disk_name=asd, 
2017-06-03 20:45:28,954 DEBUG c.o.m.d.DiskInfoController [http-nio-8080-exec-6] getDiskInfo diskName = /media/Video 
2017-06-03 20:45:28,954 DEBUG c.o.m.d.DiskInfoController [http-nio-8080-exec-6] getDiskInfo mount_point = &disk_name=asd, 
2017-06-03 20:45:34,526 DEBUG c.o.m.d.DiskInfoController [http-nio-8080-exec-7] getDiskInfo diskName = /media/Video 
2017-06-03 20:45:34,527 DEBUG c.o.m.d.DiskInfoController [http-nio-8080-exec-7] getDiskInfo mount_point = &disk_name=as, 
2017-06-03 20:45:46,602 DEBUG c.o.m.d.DiskInfoController [http-nio-8080-exec-10] getDiskInfo diskName = /media/Video 
2017-06-03 20:45:46,602 DEBUG c.o.m.d.DiskInfoController [http-nio-8080-exec-10] getDiskInfo mount_point = &disk_name=as-a 
2017-06-03 20:46:14,867 DEBUG c.o.m.d.DiskInfoController [http-nio-8080-exec-4] getDiskInfo diskName = /media/Video 
2017-06-03 20:46:14,868 DEBUG c.o.m.d.DiskInfoController [http-nio-8080-exec-4] getDiskInfo mount_point = &disk_name=aas 
2017-06-03 20:46:18,242 DEBUG c.o.m.d.DiskInfoController [http-nio-8080-exec-5] getDiskInfo diskName = /media/Video 
2017-06-03 20:46:18,242 DEBUG c.o.m.d.DiskInfoController [http-nio-8080-exec-5] getDiskInfo mount_point = &disk_name=aas- 
2017-06-03 20:46:20,274 DEBUG c.o.m.d.DiskInfoController [http-nio-8080-exec-6] getDiskInfo diskName = /media/Video 
2017-06-03 20:46:20,275 DEBUG c.o.m.d.DiskInfoController [http-nio-8080-exec-6] getDiskInfo mount_point = &disk_name=aas* 
2017-06-03 20:46:24,614 DEBUG c.o.m.d.DiskInfoController [http-nio-8080-exec-7] getDiskInfo diskName = /media/Video 
2017-06-03 20:46:24,615 DEBUG c.o.m.d.DiskInfoController [http-nio-8080-exec-7] getDiskInfo mount_point = &disk_name=aas+ 
2017-06-03 20:46:24,675 DEBUG c.o.m.d.DiskInfoController [http-nio-8080-exec-8] getDiskInfo diskName = /media/Video 
2017-06-03 20:46:24,675 DEBUG c.o.m.d.DiskInfoController [http-nio-8080-exec-8] getDiskInfo mount_point = &disk_name=aas+ 
2017-06-03 20:46:28,128 DEBUG c.o.m.d.DiskInfoController [http-nio-8080-exec-9] getDiskInfo diskName = /media/Video 
2017-06-03 20:46:28,129 DEBUG c.o.m.d.DiskInfoController [http-nio-8080-exec-9] getDiskInfo mount_point = &disk_name=aas, 
2017-06-03 20:46:30,178 DEBUG c.o.m.d.DiskInfoController [http-nio-8080-exec-10] getDiskInfo diskName = /media/Video 
2017-06-03 20:46:30,179 DEBUG c.o.m.d.DiskInfoController [http-nio-8080-exec-10] getDiskInfo mount_point = &disk_name=aas- 
2017-06-03 20:46:31,953 DEBUG c.o.m.d.DiskInfoController [http-nio-8080-exec-1] getDiskInfo diskName = /media/Video 
2017-06-03 20:46:31,954 DEBUG c.o.m.d.DiskInfoController [http-nio-8080-exec-1] getDiskInfo mount_point = &disk_name=aas- 
2017-06-03 20:46:33,549 DEBUG c.o.m.d.DiskInfoController [http-nio-8080-exec-2] getDiskInfo diskName = /media/Video 
2017-06-03 20:46:33,549 DEBUG c.o.m.d.DiskInfoController [http-nio-8080-exec-2] getDiskInfo mount_point = &disk_name=aas- 
2017-06-03 20:46:35,718 DEBUG c.o.m.d.DiskInfoController [http-nio-8080-exec-3] getDiskInfo diskName = /media/Video 
2017-06-03 20:46:35,719 DEBUG c.o.m.d.DiskInfoController [http-nio-8080-exec-3] getDiskInfo mount_point = &disk_name=aas 
2017-06-03 20:46:37,239 DEBUG c.o.m.d.DiskInfoController [http-nio-8080-exec-4] getDiskInfo diskName = /media/Video 
2017-06-03 20:46:37,240 DEBUG c.o.m.d.DiskInfoController [http-nio-8080-exec-4] getDiskInfo mount_point = &disk_name=aas 
2017-06-03 20:46:39,617 DEBUG c.o.m.d.DiskInfoController [http-nio-8080-exec-5] getDiskInfo diskName = /media/Video 
2017-06-03 20:46:39,617 DEBUG c.o.m.d.DiskInfoController [http-nio-8080-exec-5] getDiskInfo mount_point = &disk_name=aas 
2017-06-03 20:46:52,286 DEBUG c.o.m.d.DiskInfoController [http-nio-8080-exec-2] getDiskInfo diskName = /media/Video 
2017-06-03 20:46:52,287 DEBUG c.o.m.d.DiskInfoController [http-nio-8080-exec-2] getDiskInfo mount_point = &disk_name=ss 
2017-06-03 20:49:38,682 DEBUG c.o.m.d.DiskInfoController [http-nio-8080-exec-2] getDiskInfo diskName = /media/Video 
2017-06-03 20:49:38,682 DEBUG c.o.m.d.DiskInfoController [http-nio-8080-exec-2] getDiskInfo mount_point = &disk_name=ss 
2017-06-03 20:50:01,707 DEBUG c.o.m.d.DiskInfoController [http-nio-8080-exec-4] getDiskInfo diskName = /media/Video 
2017-06-03 20:50:01,708 DEBUG c.o.m.d.DiskInfoController [http-nio-8080-exec-4] getDiskInfo mount_point = sda&disk_name=ss 
2017-06-03 20:50:22,629 DEBUG c.o.m.d.DiskInfoController [http-nio-8080-exec-5] getDiskInfo diskName = /media/Video 
2017-06-03 20:50:22,629 DEBUG c.o.m.d.DiskInfoController [http-nio-8080-exec-5] getDiskInfo mount_point = _&disk_name=ss 
2017-06-03 20:50:33,035 DEBUG c.o.m.d.DiskInfoController [http-nio-8080-exec-6] getDiskInfo diskName = /media/Video 
2017-06-03 20:50:33,036 DEBUG c.o.m.d.DiskInfoController [http-nio-8080-exec-6] getDiskInfo mount_point = _ 
2017-06-03 20:51:15,467 DEBUG c.o.m.d.DiskInfoController [http-nio-8080-exec-7] getDiskInfo diskName = /media/Video 
2017-06-03 20:51:15,468 DEBUG c.o.m.d.DiskInfoController [http-nio-8080-exec-7] getDiskInfo mount_point = _media_Video 
2017-06-03 20:51:20,589 DEBUG c.o.m.d.DiskInfoController [http-nio-8080-exec-8] getDiskInfo diskName = /media/Video 
2017-06-03 20:51:20,589 DEBUG c.o.m.d.DiskInfoController [http-nio-8080-exec-8] getDiskInfo mount_point = _media_video 
2017-06-03 20:51:30,890 DEBUG c.o.m.d.DiskInfoController [http-nio-8080-exec-9] getDiskInfo diskName = /media/Video 
2017-06-03 20:51:30,891 DEBUG c.o.m.d.DiskInfoController [http-nio-8080-exec-9] getDiskInfo mount_point = _media_Video 
2017-06-03 20:51:49,172 DEBUG c.o.m.d.DiskInfoController [http-nio-8080-exec-10] getDiskInfo diskName = /media/Video 
2017-06-03 20:51:49,173 DEBUG c.o.m.d.DiskInfoController [http-nio-8080-exec-10] getDiskInfo mount_point = _media_Downloads 
2017-06-03 23:13:06,451 DEBUG c.o.m.d.DiskInfoController [http-nio-8080-exec-1] getDiskInfo diskName = /media/Video 
2017-06-03 23:13:06,476 DEBUG c.o.m.d.DiskInfoController [http-nio-8080-exec-1] getDiskInfo mount_point = _media_Downloads 
2017-06-03 23:13:17,272 DEBUG c.o.m.d.DiskInfoController [http-nio-8080-exec-2] getDiskInfo diskName = /media/Video 
2017-06-03 23:13:17,274 DEBUG c.o.m.d.DiskInfoController [http-nio-8080-exec-2] getDiskInfo mount_point = _media_Video 
2017-06-03 23:55:22,560 DEBUG c.o.m.d.DiskInfoController [http-nio-8080-exec-3] getDiskInfo diskName = /media/Video 
2017-06-03 23:55:22,562 DEBUG c.o.m.d.DiskInfoController [http-nio-8080-exec-3] getDiskInfo mount_point = asd 
2017-06-03 23:55:26,251 DEBUG c.o.m.d.DiskInfoController [http-nio-8080-exec-4] getDiskInfo diskName = /media/Video 
2017-06-03 23:55:26,252 DEBUG c.o.m.d.DiskInfoController [http-nio-8080-exec-4] getDiskInfo mount_point = asdasd 
2017-06-03 23:56:49,356 DEBUG c.o.m.d.DiskInfoController [http-nio-8080-exec-6] getDiskInfo diskName = /media/Video 
2017-06-03 23:56:49,358 DEBUG c.o.m.d.DiskInfoController [http-nio-8080-exec-6] getDiskInfo mount_point = _media_Video 
2017-06-04 00:12:18,475 DEBUG c.o.m.d.DiskInfoController [http-nio-8080-exec-10] getDiskInfo diskName = /media/Video 
2017-06-04 00:12:18,476 DEBUG c.o.m.d.DiskInfoController [http-nio-8080-exec-10] getDiskInfo mount_point = _media_Video 
2017-06-04 00:12:19,621 DEBUG c.o.m.d.DiskInfoController [http-nio-8080-exec-2] getDiskInfo diskName = /media/Video 
2017-06-04 00:12:19,621 DEBUG c.o.m.d.DiskInfoController [http-nio-8080-exec-2] getDiskInfo mount_point = _media_Video 
2017-06-04 00:12:20,053 DEBUG c.o.m.d.DiskInfoController [http-nio-8080-exec-4] getDiskInfo diskName = /media/Video 
2017-06-04 00:12:20,054 DEBUG c.o.m.d.DiskInfoController [http-nio-8080-exec-4] getDiskInfo mount_point = _media_Video 
2017-06-04 00:12:20,547 DEBUG c.o.m.d.DiskInfoController [http-nio-8080-exec-6] getDiskInfo diskName = /media/Video 
2017-06-04 00:12:20,547 DEBUG c.o.m.d.DiskInfoController [http-nio-8080-exec-6] getDiskInfo mount_point = _media_Video 
